2022-06-30 10:12:11,806 DEBUG bot.py Start
2022-06-30 10:12:12,287 DEBUG bot.py user: 1736358410 Y None; request text: 291543270
2022-06-30 10:12:12,288 DEBUG bot.py request text is correct
2022-06-30 10:12:12,441 DEBUG bot.py start function request_to_regietr
2022-06-30 10:12:12,441 DEBUG egr_request.py send request getBaseInfoByRegNum
2022-06-30 10:12:31,534 DEBUG egr_request.py status code 200
2022-06-30 10:13:01,999 DEBUG egr_request.py send response Тип субъекта: Индивидуальный предприниматель
Наименование: Дорошук Юлия Александровна
Адрес: Информация относится к персональным данным. Доступна по ссылке.
Состояние: Действующий
Регистрационный номер: 291543270
Регистрирующий орган (на текущую дату): Администрация Ленинского района г Бреста
Регистрирующий орган (при регистрации): Администрация Ленинского района г Бреста
Дата регистрации: 2019-04-15
телефон: Информация относится к персональным данным. Доступна по ссылке.
сайт: Информация относится к персональным данным. Доступна по ссылке.
email: Информация относится к персональным данным. Доступна по ссылке. 

Отчет о субъект можно посмотреть по ссылке:
https://egr.gov.by/egrmobile/information?pan=291543270
2022-06-30 10:13:02,375 DEBUG bot.py user: 1736358410 Y None; end request
2022-06-30 10:13:58,678 DEBUG bot.py user: 1736358410 Y None; request text: И
2022-06-30 10:13:58,920 DEBUG bot.py request text is NOT correct
2022-06-30 10:13:58,920 DEBUG bot.py user: 1736358410 Y None; end request
2022-06-30 10:14:09,571 DEBUG bot.py user: 837261741 Денис None; request text: 291543270
2022-06-30 10:14:09,571 DEBUG bot.py request text is correct
2022-06-30 10:14:09,718 DEBUG bot.py start function request_to_regietr
2022-06-30 10:14:09,718 DEBUG egr_request.py send request getBaseInfoByRegNum
2022-06-30 10:14:21,244 DEBUG egr_request.py status code 200
2022-06-30 10:14:41,198 DEBUG egr_request.py send response Тип субъекта: Индивидуальный предприниматель
Наименование: Дорошук Юлия Александровна
Адрес: Информация относится к персональным данным. Доступна по ссылке.
Состояние: Действующий
Регистрационный номер: 291543270
Регистрирующий орган (на текущую дату): Администрация Ленинского района г Бреста
Регистрирующий орган (при регистрации): Администрация Ленинского района г Бреста
Дата регистрации: 2019-04-15
телефон: Информация относится к персональным данным. Доступна по ссылке.
сайт: Информация относится к персональным данным. Доступна по ссылке.
email: Информация относится к персональным данным. Доступна по ссылке. 

Отчет о субъект можно посмотреть по ссылке:
https://egr.gov.by/egrmobile/information?pan=291543270
2022-06-30 10:14:41,482 DEBUG bot.py user: 837261741 Денис None; end request
2022-06-30 10:14:43,962 DEBUG bot.py user: 1736358410 Y None; request text: 193153769
2022-06-30 10:14:43,963 DEBUG bot.py request text is correct
2022-06-30 10:14:44,088 DEBUG bot.py start function request_to_regietr
2022-06-30 10:14:44,088 DEBUG egr_request.py send request getBaseInfoByRegNum
2022-06-30 10:15:07,818 DEBUG egr_request.py status code 200
2022-06-30 10:15:46,425 DEBUG egr_request.py send response Тип субъекта: Юридическое лицо
Наименование: Общество с ограниченной ответственностью "МобилАвтоГрупп"
Адрес: 220116, Республика Беларусь, г.Минск, пр-тДзержинского, 104, пом.46
Состояние: Действующий
Регистрационный номер: 193153769
Регистрирующий орган (на текущую дату): Минский городской исполнительный комитет
Регистрирующий орган (при регистрации): Минский городской исполнительный комитет
Дата регистрации: 2018-10-17
телефон: +375 33 666-43-47
сайт: mobilauto.by
email: None 

Отчет о субъект можно посмотреть по ссылке:
https://egr.gov.by/egrmobile/information?pan=193153769
2022-06-30 10:15:46,615 DEBUG bot.py user: 837261741 Денис None; request text: 29¹543270
2022-06-30 10:15:46,615 DEBUG bot.py request text is correct
2022-06-30 10:15:46,715 DEBUG bot.py start function request_to_regietr
2022-06-30 10:15:46,716 DEBUG egr_request.py send request getBaseInfoByRegNum
2022-06-30 10:16:21,858 DEBUG egr_request.py status code 400
2022-06-30 10:16:21,866 DEBUG bot.py user: 1736358410 Y None; end request
2022-06-30 10:16:22,176 DEBUG bot.py user: 837261741 Денис None; end request
